This file contains any messages produced by compilers while
running configure, to aid debugging if configure makes a mistake.

It was created by z802tzx configure 1.2, which was
generated by GNU Autoconf 2.57.  Invocation command line was

  $ ./configure 

## --------- ##
## Platform. ##
## --------- ##

hostname = NEOIII
uname -m = i386
uname -r = 1
uname -s = OS/2
uname -v = 2.45

/usr/bin/uname -p = unknown
/bin/uname -X     = unknown

/bin/arch              = unknown
/usr/bin/arch -k       = unknown
/usr/convex/getsysinfo = unknown
hostinfo               = unknown
/bin/machine           = unknown
/usr/bin/oslevel       = unknown
/bin/universe          = unknown

PATH: U:\foo
PATH: U:\usr\bin
PATH: U:\usr\local\bin
PATH: U:\GLIBIDL335\GLIB\gcc\bin
PATH: U:\GLIBIDL335\LIBIDL\gcc\bin
PATH: u:\PERL\bin
PATH: u:\bin
PATH: U:\MOZTOOLS
PATH: U:\EMX\bin
PATH: u:\extras\bin
PATH: u:\dev\qt\trunk\bin
PATH: u:\python25
PATH: u:\dev\ow\BINP
PATH: u:\dev\ow\BINW
PATH: C:\MPTN\BIN
PATH: C:\TCPIP\BIN
PATH: C:\IBMCOM
PATH: C:\IBMLAN\NETPROG
PATH: C:\MUGLIB
PATH: C:\ECS\BIN
PATH: C:\EMX\BIN
PATH: C:\IBMGSK50\BIN
PATH: C:\IBMGSK40\BIN
PATH: C:\IBMGSK\BIN
PATH: C:\OS2
PATH: C:\OS2\SYSTEM
PATH: C:\OS2\INSTALL
PATH: C:\
PATH: C:\OS2\MDOS
PATH: C:\OS2\APPS
PATH: C:\ECS\KLIBC\BIN
PATH: C:\PROGRAMS\JAVA142\BIN
PATH: C:\MMOS2\FREEDB
PATH: C:\MMOS2
PATH: C:\MMOS2\MMPLAYER
PATH: C:\PROGRAMS\4OS2
PATH: C:\PROGRAMS\VyperHelp
PATH: C:\PROGRAMS\ibmworks
PATH: E:\VTEX\BIN
PATH: e:\mmedia\cworks2
PATH: D:\ODIN\SYSTEM32
PATH: C:\TOOLS\CDRTools


## ----------- ##
## Core tests. ##
## ----------- ##

configure:1183: loading site script u:/moztools/config.site-gcc335b4
| #!sh
| #ac_cv_host=i386-pc-gnu
| #ac_cv_host=i386-pc-os2
| #HOST=i386-pc-os2
| SHELL=sh
| PATH=`cmd.exe /c "echo %PATH%" | sed -e 's@\\\\@/@g'`
| PATH_SEPARATOR=';'
| 
| for f in INSTALL PERL M4 EXPR ; do
|  export $f="`type $f.exe|sed -e 's@\\\\@/@g' -e 's@.* @@'`"
| done
| 
| ac_cv_path_PERL='u:/Perl/bin/perl.exe'
| ac_cv_path__PATH_PERL='u:/Perl/bin/perl.exe'
| ac_cv_path__PATH_SH='/moztools/ash.exe'
| ac_cv_path__PATH_SED='/moztools/sed.exe'
| ac_cv_path_PROG_SENDMAIL='e:/tcpip/bin/sendmail.exe'
| ac_cv_path__PATH_SORT='/moztools/sort.exe'
| ac_cv_path_AR='/usr/bin/ar.exe'
| ac_cv_path_FALSE='/bin/false.exe'
| ac_cv_path_GZIP='e:/ecs/bin/gzip.exe'
| ac_cv_path_ZIP='e:/ecs/bin/zip.exe'
| ac_cv_path_MAKE='/moztools/make.exe'
| ac_cv_path_TRUE='/bin/true.exe'
| ac_cv_path_RM='/bin/rm.exe'
| ac_cv_path_MV='/bin/mv.exe'
| ac_cv_member_struct_sockaddr_in_sin_len='yes'
| ac_cv_path_MKDIR='/bin/mkdir.exe'
| ac_cv_path_MSGFMT='/usr/bin/msgfmt.exe'
| ac_cv_path__PATH_AWK='/moztools/awk.exe'
| ac_cv_path__PATH_EGREP='e:/emx/bin/egrep.exe'
| ac_cv_path_install=${INSTALL}
| ac_cv_path_STRIP='echo '
| ac_cv_path_uic='/dev/qt/trunk/bin/uic.exe'
| ac_cv_path_XARGS='/moztools/xargs.exe'
| ac_cv_path_JAVAC='e:/programs/java142/bin/javac.exe'
| ac_cv_path_JAR='e:/programs/java142/bin/jar.exe'
| #ac_cv_prog_LN_S='cp -p'
| ac_cv_emxos2='yes'
| ac_cv_libext='lib'
| #cl_cv_prog_LN_S='cp -p'
| #cl_cv_prog_LN='cp -p'
| ac_executable_extensions=".exe"
| ac_cpp=g++.exe
| #LN_S='cp -p'
| MAKE=make
| #ACLOCAL=${ACLOCAL-"${UNIXROOT}/usr/bin/aclocal"}
| #AUTOCONF=${AUTOCONF-"${UNIXROOT}/usr/bin/autoconf"}
| #AUTOMAKE=${AUTOMAKE-"${UNIXROOT}/usr/bin/automake"}
| #AUTOHEADER=${AUTOHEADER-"${UNIXROOT}/usr/bin/autoheader"}
| #ACLOCAL='echo aclocal'
| #AUTOCONF='echo autoconf'
| #AUTOMAKE='echo automake'
| #AUTOHEADER='echo autoheader'
| MAKEINFO=${MAKEINFO-"makeinfo --no-split"}
| AMTAR=${AMTAR-"tar.exe"}
| CC=gcc
| CXX=g++
| AWK=gawk
| LEX=flex
| LIBEXT="LIB"
| #INSTALL=install-sh
| INSTALL=/bin/install.exe
| OBJEXT=o
| RM=rm.exe
| PERL=perl.exe
| AR=ar.exe
| LD=ld.exe
| RANLIB=echo
| #LIBTOOL=aplibtool.exe
| YACC='bison -y'
| BMTYPE=int
| BMBYTES=4
| PRINTABLE_OS_NAME=OS/2
| #CFLAGS='-D__EMX__ -DOS2  -D__ST_MT_ERRNO__ -g'
| #CXXFLAGS='-D__EMX__ -DOS2 -D__ST_MT_ERRNO__ -g'
| #LDFLAGS='-Zexe -Zomf -Zmap -Zargs-wild -D__ST_MT_ERRNO__'
| #CFLAGS='-D__EMX__ -DOS2  -D__ST_MT_ERRNO__ -O3 -mcpu=pentium3'
| #CXXFLAGS='-D__EMX__ -DOS2 -D__ST_MT_ERRNO__ -O3 -mcpu=pentium3'
| #LDFLAGS='-Zexe -Zomf -Zmap -Zargs-wild -Zbin-files -D__ST_MT_ERRNO__ -s'
| CFLAGS='-D__EMX__ -Dunix  -D__ST_MT_ERRNO__ -O3 -march=pentium3'
| CXXFLAGS='-D__EMX__ -Dunix  -D__ST_MT_ERRNO__ -O3 -march=pentium3'
| LDFLAGS='-Zexe -Zomf -Zmap -Zargs-wild -Zbin-files -D__ST_MT_ERRNO__ -s'
| ac_exeext=.exe
| ac_cv_exeext=.exe
| ac_cv_path___CHGRP=echo
| ac_cv_path___CHOWN=echo
| ac_cv_path___RSH=echo
| function test
| { 
|   if [  "$1" = "-x" ] ; then  
|     shift
|     if [ -f "$1" ] ; then return ; fi
|     if type $1.cmd 1>nul 2>&1  ; then  return ; fi
|     if type $1.exe 1>nul 2>&1  ; then  return ; fi
|     x=`type $* 1>nul 2>&1|  sed -e 's@^.* @@' -e 's@\\\\@/@g' -e 's@\\.$@@'`
|     if [ -n "$x" ] ; then
|       grep '^\(#!\|[ \t]*extproc\)' "$x">nul 2>&1 
|     else
|       return 1
|     fi
|   else
|     builtin test "$@"
|   fi ;\
| }
| 
| 
| ### EOF ######################################################################
configure:1329: checking for a BSD-compatible install
configure:1383: result: /bin/install.exe
configure:1394: checking whether build environment is sane
configure:1437: result: yes
configure:1470: checking for gawk
configure:1496: result: gawk
configure:1506: checking whether make sets $(MAKE)
configure:1526: result: yes
configure:1789: checking for C++ compiler version
configure:1792: g++ --version </dev/null >&5
g++ (GCC) 3.3.5 (Bird Build 2007-06-10 14:30)
Copyright (C) 2003 Free Software Foundation, Inc.
This is free software; see the source for copying conditions.  There is NO
warranty; not even for MERCHANTABILITY or FITNESS FOR A PARTICULAR PURPOSE.

configure:1795: $? = 0
configure:1797: g++ -v </dev/null >&5
Reading specs from U:/usr/lib/gcc-lib/i386-pc-os2-emx/3.3.5/specs
Configured with: D:/CODING/LIBC/SVN/BRANCHES/LIBC-0.6/src/gcc/configure --enable-clh --enable-threads=os2 --enable-shared=libgcc,bfd,opcodes --enable-nls --without-included-gettext --with-local-prefix=D:/CODING/LIBC/SVN/BRANCHES/LIBC-0.6/TOOLS/x86.os2/gcc/staged --prefix=/gcc --with-gnu-as --disable-libgcj --enable-languages=c,c++
Thread model: os2
gcc version 3.3.5 (Bird Build 2007-06-10 14:30)
g++: no input files, try "g++ --help"
configure:1800: $? = 1
configure:1802: g++ -V </dev/null >&5
g++: argument to `-V' missing

configure:1805: $? = 1
configure:1829: checking for C++ compiler default output
configure:1832: g++ -D__EMX__ -Dunix  -D__ST_MT_ERRNO__ -O3 -march=pentium3  -Zexe -Zomf -Zmap -Zargs-wild -Zbin-files -D__ST_MT_ERRNO__ -s conftest.cc  >&5
configure:1835: $? = 0
configure:1881: result: conftest.exe
configure:1886: checking whether the C++ compiler works
configure:1892: ./conftest.exe
configure:1895: $? = 0
configure:1912: result: yes
configure:1919: checking whether we are cross compiling
configure:1921: result: no
configure:1924: checking for suffix of executables
configure:1926: g++ -o conftest.exe -D__EMX__ -Dunix  -D__ST_MT_ERRNO__ -O3 -march=pentium3  -Zexe -Zomf -Zmap -Zargs-wild -Zbin-files -D__ST_MT_ERRNO__ -s conftest.cc  >&5
configure:1929: $? = 0
configure:1954: result: .exe
configure:1960: checking for suffix of object files
configure:1982: g++ -c -D__EMX__ -Dunix  -D__ST_MT_ERRNO__ -O3 -march=pentium3  conftest.cc >&5
configure:1985: $? = 0
configure:2007: result: o
configure:2011: checking whether we are using the GNU C++ compiler
configure:2036: g++ -c -D__EMX__ -Dunix  -D__ST_MT_ERRNO__ -O3 -march=pentium3  conftest.cc >&5
configure:2039: $? = 0
configure:2042: test -s conftest.o
configure:2045: $? = 0
configure:2058: result: yes
configure:2064: checking whether g++ accepts -g
configure:2086: g++ -c -g  conftest.cc >&5
configure:2089: $? = 0
configure:2092: test -s conftest.o
configure:2095: $? = 0
configure:2106: result: yes
configure:2149: g++ -c -D__EMX__ -Dunix  -D__ST_MT_ERRNO__ -O3 -march=pentium3  conftest.cc >&5
configure:2152: $? = 0
configure:2155: test -s conftest.o
configure:2158: $? = 0
configure:2185: g++ -c -D__EMX__ -Dunix  -D__ST_MT_ERRNO__ -O3 -march=pentium3  conftest.cc >&5
configure: In function `int main()':
configure:2183: error: `exit' undeclared (first use this function)
configure:2183: error: (Each undeclared identifier is reported only once for 
   each function it appears in.)
configure:2188: $? = 1
configure: failed program was:
| #line 2169 "configure"
| /* confdefs.h.  */
| 
| #define PACKAGE_NAME "z802tzx"
| #define PACKAGE_TARNAME "z802tzx"
| #define PACKAGE_VERSION "1.2"
| #define PACKAGE_STRING "z802tzx 1.2"
| #define PACKAGE_BUGREPORT "pak21-spectrum@srcf.ucam.org"
| #define PACKAGE "z802tzx"
| #define VERSION "1.2"
| /* end confdefs.h.  */
| 
| int
| main ()
| {
| exit (42);
|   ;
|   return 0;
| }
configure:2149: g++ -c -D__EMX__ -Dunix  -D__ST_MT_ERRNO__ -O3 -march=pentium3  conftest.cc >&5
configure:2152: $? = 0
configure:2155: test -s conftest.o
configure:2158: $? = 0
configure:2185: g++ -c -D__EMX__ -Dunix  -D__ST_MT_ERRNO__ -O3 -march=pentium3  conftest.cc >&5
configure:2188: $? = 0
configure:2191: test -s conftest.o
configure:2194: $? = 0
configure:2228: checking for style of include used by make
configure:2256: result: GNU
configure:2284: checking dependency style of g++
configure:2367: result: gcc3
configure:2434: checking for gcc
configure:2460: result: gcc
configure:2704: checking for C compiler version
configure:2707: gcc --version </dev/null >&5
gcc (GCC) 3.3.5 (Bird Build 2007-06-10 14:30)
Copyright (C) 2003 Free Software Foundation, Inc.
This is free software; see the source for copying conditions.  There is NO
warranty; not even for MERCHANTABILITY or FITNESS FOR A PARTICULAR PURPOSE.

configure:2710: $? = 0
configure:2712: gcc -v </dev/null >&5
Reading specs from U:/usr/lib/gcc-lib/i386-pc-os2-emx/3.3.5/specs
Configured with: D:/CODING/LIBC/SVN/BRANCHES/LIBC-0.6/src/gcc/configure --enable-clh --enable-threads=os2 --enable-shared=libgcc,bfd,opcodes --enable-nls --without-included-gettext --with-local-prefix=D:/CODING/LIBC/SVN/BRANCHES/LIBC-0.6/TOOLS/x86.os2/gcc/staged --prefix=/gcc --with-gnu-as --disable-libgcj --enable-languages=c,c++
Thread model: os2
gcc version 3.3.5 (Bird Build 2007-06-10 14:30)
configure:2715: $? = 0
configure:2717: gcc -V </dev/null >&5
gcc: `-V' must come at the start of the command line
configure:2720: $? = 1
configure:2723: checking whether we are using the GNU C compiler
configure:2748: gcc -c -D__EMX__ -Dunix  -D__ST_MT_ERRNO__ -O3 -march=pentium3  conftest.c >&5
configure:2751: $? = 0
configure:2754: test -s conftest.o
configure:2757: $? = 0
configure:2770: result: yes
configure:2776: checking whether gcc accepts -g
configure:2798: gcc -c -g  conftest.c >&5
configure:2801: $? = 0
configure:2804: test -s conftest.o
configure:2807: $? = 0
configure:2818: result: yes
configure:2835: checking for gcc option to accept ANSI C
configure:2896: gcc  -c -D__EMX__ -Dunix  -D__ST_MT_ERRNO__ -O3 -march=pentium3  conftest.c >&5
configure:2899: $? = 0
configure:2902: test -s conftest.o
configure:2905: $? = 0
configure:2923: result: none needed
configure:2941: gcc -c -D__EMX__ -Dunix  -D__ST_MT_ERRNO__ -O3 -march=pentium3  conftest.c >&5
conftest.c:2: error: parse error before "me"
configure:2944: $? = 1
configure: failed program was:
| #ifndef __cplusplus
|   choke me
| #endif
configure:3054: checking dependency style of gcc
configure:3137: result: gcc3
configure:3160: checking how to run the C preprocessor
configure:3196: gcc -E  conftest.c
configure:3202: $? = 0
configure:3234: gcc -E  conftest.c
configure:3239:28: ac_nonexistent.h: No such file or directory
configure:3240: $? = 1
configure: failed program was:
| #line 3226 "configure"
| /* confdefs.h.  */
| 
| #define PACKAGE_NAME "z802tzx"
| #define PACKAGE_TARNAME "z802tzx"
| #define PACKAGE_VERSION "1.2"
| #define PACKAGE_STRING "z802tzx 1.2"
| #define PACKAGE_BUGREPORT "pak21-spectrum@srcf.ucam.org"
| #define PACKAGE "z802tzx"
| #define VERSION "1.2"
| #ifdef __cplusplus
| extern "C" void std::exit (int) throw (); using std::exit;
| #endif
| /* end confdefs.h.  */
| #include <ac_nonexistent.h>
configure:3278: result: gcc -E
configure:3303: gcc -E  conftest.c
configure:3309: $? = 0
configure:3341: gcc -E  conftest.c
configure:3346:28: ac_nonexistent.h: No such file or directory
configure:3347: $? = 1
configure: failed program was:
| #line 3333 "configure"
| /* confdefs.h.  */
| 
| #define PACKAGE_NAME "z802tzx"
| #define PACKAGE_TARNAME "z802tzx"
| #define PACKAGE_VERSION "1.2"
| #define PACKAGE_STRING "z802tzx 1.2"
| #define PACKAGE_BUGREPORT "pak21-spectrum@srcf.ucam.org"
| #define PACKAGE "z802tzx"
| #define VERSION "1.2"
| #ifdef __cplusplus
| extern "C" void std::exit (int) throw (); using std::exit;
| #endif
| /* end confdefs.h.  */
| #include <ac_nonexistent.h>
configure:3390: checking for egrep
configure:3400: result: grep -E
configure:3405: checking for ANSI C header files
configure:3431: gcc -c -D__EMX__ -Dunix  -D__ST_MT_ERRNO__ -O3 -march=pentium3  conftest.c >&5
configure:3434: $? = 0
configure:3437: test -s conftest.o
configure:3440: $? = 0
configure:3532: gcc -o conftest.exe -D__EMX__ -Dunix  -D__ST_MT_ERRNO__ -O3 -march=pentium3  -Zexe -Zomf -Zmap -Zargs-wild -Zbin-files -D__ST_MT_ERRNO__ -s conftest.c  >&5
configure:3535: $? = 0
configure:3537: ./conftest.exe
configure:3540: $? = 0
configure:3555: result: yes
configure:3581: checking for sys/types.h
configure:3598: gcc -c -D__EMX__ -Dunix  -D__ST_MT_ERRNO__ -O3 -march=pentium3  conftest.c >&5
configure:3601: $? = 0
configure:3604: test -s conftest.o
configure:3607: $? = 0
configure:3618: result: yes
configure:3581: checking for sys/stat.h
configure:3598: gcc -c -D__EMX__ -Dunix  -D__ST_MT_ERRNO__ -O3 -march=pentium3  conftest.c >&5
configure:3601: $? = 0
configure:3604: test -s conftest.o
configure:3607: $? = 0
configure:3618: result: yes
configure:3581: checking for stdlib.h
configure:3598: gcc -c -D__EMX__ -Dunix  -D__ST_MT_ERRNO__ -O3 -march=pentium3  conftest.c >&5
configure:3601: $? = 0
configure:3604: test -s conftest.o
configure:3607: $? = 0
configure:3618: result: yes
configure:3581: checking for string.h
configure:3598: gcc -c -D__EMX__ -Dunix  -D__ST_MT_ERRNO__ -O3 -march=pentium3  conftest.c >&5
configure:3601: $? = 0
configure:3604: test -s conftest.o
configure:3607: $? = 0
configure:3618: result: yes
configure:3581: checking for memory.h
configure:3598: gcc -c -D__EMX__ -Dunix  -D__ST_MT_ERRNO__ -O3 -march=pentium3  conftest.c >&5
configure:3601: $? = 0
configure:3604: test -s conftest.o
configure:3607: $? = 0
configure:3618: result: yes
configure:3581: checking for strings.h
configure:3598: gcc -c -D__EMX__ -Dunix  -D__ST_MT_ERRNO__ -O3 -march=pentium3  conftest.c >&5
configure:3601: $? = 0
configure:3604: test -s conftest.o
configure:3607: $? = 0
configure:3618: result: yes
configure:3581: checking for inttypes.h
configure:3598: gcc -c -D__EMX__ -Dunix  -D__ST_MT_ERRNO__ -O3 -march=pentium3  conftest.c >&5
configure:3601: $? = 0
configure:3604: test -s conftest.o
configure:3607: $? = 0
configure:3618: result: yes
configure:3581: checking for stdint.h
configure:3598: gcc -c -D__EMX__ -Dunix  -D__ST_MT_ERRNO__ -O3 -march=pentium3  conftest.c >&5
configure:3601: $? = 0
configure:3604: test -s conftest.o
configure:3607: $? = 0
configure:3618: result: yes
configure:3581: checking for unistd.h
configure:3598: gcc -c -D__EMX__ -Dunix  -D__ST_MT_ERRNO__ -O3 -march=pentium3  conftest.c >&5
configure:3601: $? = 0
configure:3604: test -s conftest.o
configure:3607: $? = 0
configure:3618: result: yes
configure:3630: checking for stdbool.h that conforms to C99
configure:3684: gcc -c -D__EMX__ -Dunix  -D__ST_MT_ERRNO__ -O3 -march=pentium3  conftest.c >&5
configure:3687: $? = 0
configure:3690: test -s conftest.o
configure:3693: $? = 0
configure:3704: result: yes
configure:3706: checking for _Bool
configure:3731: gcc -c -D__EMX__ -Dunix  -D__ST_MT_ERRNO__ -O3 -march=pentium3  conftest.c >&5
configure:3734: $? = 0
configure:3737: test -s conftest.o
configure:3740: $? = 0
configure:3751: result: yes
configure:3777: checking for stricmp
configure:3827: gcc -o conftest.exe -D__EMX__ -Dunix  -D__ST_MT_ERRNO__ -O3 -march=pentium3  -Zexe -Zomf -Zmap -Zargs-wild -Zbin-files -D__ST_MT_ERRNO__ -s conftest.c  >&5
configure:3830: $? = 0
configure:3833: test -s conftest.exe
configure:3836: $? = 0
configure:3847: result: yes
configure:3777: checking for strcasecmp
configure:3827: gcc -o conftest.exe -D__EMX__ -Dunix  -D__ST_MT_ERRNO__ -O3 -march=pentium3  -Zexe -Zomf -Zmap -Zargs-wild -Zbin-files -D__ST_MT_ERRNO__ -s conftest.c  >&5
configure:3830: $? = 0
configure:3833: test -s conftest.exe
configure:3836: $? = 0
configure:3847: result: yes
configure:3976: creating ./config.status

## ---------------------- ##
## Running config.status. ##
## ---------------------- ##

This file was extended by z802tzx config.status 1.2, which was
generated by GNU Autoconf 2.57.  Invocation command line was

  CONFIG_FILES    = 
  CONFIG_HEADERS  = 
  CONFIG_LINKS    = 
  CONFIG_COMMANDS = 
  $ ./config.status 

on NEOIII

config.status:4682: creating Makefile
config.status:4785: creating config.h
config.status:5050: executing depfiles commands

## ---------------- ##
## Cache variables. ##
## ---------------- ##

ac_cv_c_compiler_gnu=yes
ac_cv_cxx_compiler_gnu=yes
ac_cv_emxos2=yes
ac_cv_env_build_alias_set=
ac_cv_env_build_alias_value=
ac_cv_env_CC_set=set
ac_cv_env_CC_value=gcc
ac_cv_env_CFLAGS_set=
ac_cv_env_CFLAGS_value=
ac_cv_env_CPP_set=
ac_cv_env_CPP_value=
ac_cv_env_CPPFLAGS_set=
ac_cv_env_CPPFLAGS_value=
ac_cv_env_CXX_set=set
ac_cv_env_CXX_value=g++
ac_cv_env_CXXFLAGS_set=
ac_cv_env_CXXFLAGS_value=
ac_cv_env_host_alias_set=
ac_cv_env_host_alias_value=
ac_cv_env_LDFLAGS_set=
ac_cv_env_LDFLAGS_value=
ac_cv_env_target_alias_set=
ac_cv_env_target_alias_value=
ac_cv_exeext=.exe
ac_cv_func_strcasecmp=yes
ac_cv_func_stricmp=yes
ac_cv_header_inttypes_h=yes
ac_cv_header_memory_h=yes
ac_cv_header_stdbool_h=yes
ac_cv_header_stdc=yes
ac_cv_header_stdint_h=yes
ac_cv_header_stdlib_h=yes
ac_cv_header_string_h=yes
ac_cv_header_strings_h=yes
ac_cv_header_sys_stat_h=yes
ac_cv_header_sys_types_h=yes
ac_cv_header_unistd_h=yes
ac_cv_libext=lib
ac_cv_member_struct_sockaddr_in_sin_len=yes
ac_cv_objext=o
ac_cv_path___CHGRP=echo
ac_cv_path___CHOWN=echo
ac_cv_path___RSH=echo
ac_cv_path__PATH_AWK=/moztools/awk.exe
ac_cv_path__PATH_EGREP=e:/emx/bin/egrep.exe
ac_cv_path__PATH_PERL=u:/Perl/bin/perl.exe
ac_cv_path__PATH_SED=/moztools/sed.exe
ac_cv_path__PATH_SH=/moztools/ash.exe
ac_cv_path__PATH_SORT=/moztools/sort.exe
ac_cv_path_AR=/usr/bin/ar.exe
ac_cv_path_FALSE=/bin/false.exe
ac_cv_path_GZIP=e:/ecs/bin/gzip.exe
ac_cv_path_install=u:/bin/INSTALL.exe
ac_cv_path_JAR=e:/programs/java142/bin/jar.exe
ac_cv_path_JAVAC=e:/programs/java142/bin/javac.exe
ac_cv_path_MAKE=/moztools/make.exe
ac_cv_path_MKDIR=/bin/mkdir.exe
ac_cv_path_MSGFMT=/usr/bin/msgfmt.exe
ac_cv_path_MV=/bin/mv.exe
ac_cv_path_PERL=u:/Perl/bin/perl.exe
ac_cv_path_PROG_SENDMAIL=e:/tcpip/bin/sendmail.exe
ac_cv_path_RM=/bin/rm.exe
ac_cv_path_STRIP='echo '
ac_cv_path_TRUE=/bin/true.exe
ac_cv_path_uic=/dev/qt/trunk/bin/uic.exe
ac_cv_path_XARGS=/moztools/xargs.exe
ac_cv_path_ZIP=e:/ecs/bin/zip.exe
ac_cv_prog_ac_ct_CC=gcc
ac_cv_prog_AWK=gawk
ac_cv_prog_cc_g=yes
ac_cv_prog_cc_stdc=
ac_cv_prog_cxx_g=yes
ac_cv_prog_CPP='gcc -E'
ac_cv_prog_egrep='grep -E'
ac_cv_prog_make_make_set=yes
ac_cv_type__Bool=yes
am_cv_CC_dependencies_compiler_type=gcc3
am_cv_CXX_dependencies_compiler_type=gcc3

## ----------------- ##
## Output variables. ##
## ----------------- ##

ACLOCAL='${SHELL} U:/progetti/z802tzx-1.2/missing --run aclocal-1.7'
AMDEPBACKSLASH='\'
AMDEP_FALSE='#'
AMDEP_TRUE=''
AMTAR='tar.exe'
AUTOCONF='${SHELL} U:/progetti/z802tzx-1.2/missing --run autoconf'
AUTOHEADER='${SHELL} U:/progetti/z802tzx-1.2/missing --run autoheader'
AUTOMAKE='${SHELL} U:/progetti/z802tzx-1.2/missing --run automake-1.7'
AWK='gawk'
CC='gcc'
CCDEPMODE='depmode=gcc3'
CFLAGS='-D__EMX__ -Dunix  -D__ST_MT_ERRNO__ -O3 -march=pentium3'
CPP='gcc -E'
CPPFLAGS=''
CXX='g++'
CXXDEPMODE='depmode=gcc3'
CXXFLAGS='-D__EMX__ -Dunix  -D__ST_MT_ERRNO__ -O3 -march=pentium3'
CYGPATH_W='echo'
DEFS='-DHAVE_CONFIG_H'
DEPDIR='.deps'
ECHO_C=''
ECHO_N='-n'
ECHO_T=''
EGREP='grep -E'
EXEEXT='.exe'
INSTALL_DATA='${INSTALL} -m 644'
INSTALL_PROGRAM='${INSTALL}'
INSTALL_SCRIPT='${INSTALL}'
INSTALL_STRIP_PROGRAM='${SHELL} $(install_sh) -c -s'
LDFLAGS='-Zexe -Zomf -Zmap -Zargs-wild -Zbin-files -D__ST_MT_ERRNO__ -s'
LIBOBJS=''
LIBS=''
LTLIBOBJS=''
MAKEINFO='makeinfo --no-split'
OBJEXT='o'
PACKAGE='z802tzx'
PACKAGE_BUGREPORT='pak21-spectrum@srcf.ucam.org'
PACKAGE_NAME='z802tzx'
PACKAGE_STRING='z802tzx 1.2'
PACKAGE_TARNAME='z802tzx'
PACKAGE_VERSION='1.2'
PATH_SEPARATOR=';'
SET_MAKE=''
SHELL='sh'
STRIP=''
VERSION='1.2'
ac_ct_CC='gcc'
ac_ct_CXX=''
ac_ct_STRIP=''
am__fastdepCC_FALSE='#'
am__fastdepCC_TRUE=''
am__fastdepCXX_FALSE='#'
am__fastdepCXX_TRUE=''
am__include='include'
am__leading_dot='.'
am__quote=''
bindir='${exec_prefix}/bin'
build_alias=''
datadir='${prefix}/share'
exec_prefix='${prefix}'
host_alias=''
includedir='${prefix}/include'
infodir='${prefix}/info'
install_sh='U:/progetti/z802tzx-1.2/install-sh'
libdir='${exec_prefix}/lib'
libexecdir='${exec_prefix}/libexec'
localstatedir='${prefix}/var'
mandir='${prefix}/man'
oldincludedir='/usr/include'
prefix='/usr/local'
program_transform_name='s,x,x,'
sbindir='${exec_prefix}/sbin'
sharedstatedir='${prefix}/com'
sysconfdir='${prefix}/etc'
target_alias=''

## ----------- ##
## confdefs.h. ##
## ----------- ##

#define HAVE_INTTYPES_H 1
#define HAVE_MEMORY_H 1
#define HAVE_STDBOOL_H 1
#define HAVE_STDINT_H 1
#define HAVE_STDLIB_H 1
#define HAVE_STRCASECMP 1
#define HAVE_STRICMP 1
#define HAVE_STRINGS_H 1
#define HAVE_STRING_H 1
#define HAVE_SYS_STAT_H 1
#define HAVE_SYS_TYPES_H 1
#define HAVE_UNISTD_H 1
#define HAVE__BOOL 1
#define PACKAGE "z802tzx"
#define PACKAGE_BUGREPORT "pak21-spectrum@srcf.ucam.org"
#define PACKAGE_NAME "z802tzx"
#define PACKAGE_STRING "z802tzx 1.2"
#define PACKAGE_TARNAME "z802tzx"
#define PACKAGE_VERSION "1.2"
#define STDC_HEADERS 1
#define VERSION "1.2"
#endif
#ifdef __cplusplus
extern "C" void std::exit (int) throw (); using std::exit;

configure: exit 0
